[debug] [2026-07-16T13:45:29.820Z] ----------------------------------------------------------------------
[debug] [2026-07-16T13:45:29.823Z] Command:       C:\Program Files\nodejs\node.exe C:\Users\sergi\AppData\Roaming\npm\node_modules\firebase-tools\lib\bin\firebase.js deploy --only hosting
[debug] [2026-07-16T13:45:29.823Z] CLI Version:   15.11.0
[debug] [2026-07-16T13:45:29.824Z] Platform:      win32
[debug] [2026-07-16T13:45:29.824Z] Node Version:  v24.14.0
[debug] [2026-07-16T13:45:29.824Z] Time:          Thu Jul 16 2026 14:45:29 GMT+0100 (hora de verano de Europa occidental)
[debug] [2026-07-16T13:45:29.824Z] ----------------------------------------------------------------------
[debug] 
[debug] [2026-07-16T13:45:32.572Z] > command requires scopes: ["email","openid","https://www.googleapis.com/auth/cloudplatformprojects.readonly","https://www.googleapis.com/auth/firebase","https://www.googleapis.com/auth/cloud-platform"]
[debug] [2026-07-16T13:45:32.573Z] > authorizing via signed-in user (paynomnet@gmail.com)
[debug] [2026-07-16T13:45:32.573Z] [iam] checking project paynomnet-d8db9 for permissions ["firebase.projects.get","firebasehosting.sites.update"]
[debug] [2026-07-16T13:45:32.574Z] Checked if tokens are valid: false, expires at: 1784203778831
[debug] [2026-07-16T13:45:32.574Z] Checked if tokens are valid: false, expires at: 1784203778831
[debug] [2026-07-16T13:45:32.574Z] > refreshing access token with scopes: []
[debug] [2026-07-16T13:45:32.575Z] >>> [apiv2][query] POST https://www.googleapis.com/oauth2/v3/token [none]
[debug] [2026-07-16T13:45:32.576Z] >>> [apiv2][body] POST https://www.googleapis.com/oauth2/v3/token [omitted]
[debug] [2026-07-16T13:45:32.845Z] <<< [apiv2][status] POST https://www.googleapis.com/oauth2/v3/token 200
[debug] [2026-07-16T13:45:32.845Z] <<< [apiv2][body] POST https://www.googleapis.com/oauth2/v3/token [omitted]
[debug] [2026-07-16T13:45:32.855Z] >>> [apiv2][query] POST https://cloudresourcemanager.googleapis.com/v1/projects/paynomnet-d8db9:testIamPermissions [none]
[debug] [2026-07-16T13:45:32.855Z] >>> [apiv2][(partial)header] POST https://cloudresourcemanager.googleapis.com/v1/projects/paynomnet-d8db9:testIamPermissions  x-goog-user-project=paynomnet-d8db9
[debug] [2026-07-16T13:45:32.855Z] >>> [apiv2][body] POST https://cloudresourcemanager.googleapis.com/v1/projects/paynomnet-d8db9:testIamPermissions {"permissions":["firebase.projects.get","firebasehosting.sites.update"]}
[debug] [2026-07-16T13:45:33.190Z] <<< [apiv2][status] POST https://cloudresourcemanager.googleapis.com/v1/projects/paynomnet-d8db9:testIamPermissions 200
[debug] [2026-07-16T13:45:33.190Z] <<< [apiv2][body] POST https://cloudresourcemanager.googleapis.com/v1/projects/paynomnet-d8db9:testIamPermissions {"permissions":["firebase.projects.get","firebasehosting.sites.update"]}
[debug] [2026-07-16T13:45:33.191Z] Checked if tokens are valid: true, expires at: 1784213131846
[debug] [2026-07-16T13:45:33.191Z] Checked if tokens are valid: true, expires at: 1784213131846
[debug] [2026-07-16T13:45:33.191Z] >>> [apiv2][query] GET https://firebase.googleapis.com/v1beta1/projects/paynomnet-d8db9 [none]
[debug] [2026-07-16T13:45:33.767Z] <<< [apiv2][status] GET https://firebase.googleapis.com/v1beta1/projects/paynomnet-d8db9 200
[debug] [2026-07-16T13:45:33.768Z] <<< [apiv2][body] GET https://firebase.googleapis.com/v1beta1/projects/paynomnet-d8db9 {"projectId":"paynomnet-d8db9","projectNumber":"440386531158","displayName":"paynomnet","name":"projects/paynomnet-d8db9","resources":{"hostingSite":"paynomnet-d8db9"},"state":"ACTIVE","labels":{"firebase":"enabled"},"etag":"1_4133e7eb-d24c-4a68-abb7-7ffb70766bf6"}
[info] 
[info] === Deploying to 'paynomnet-d8db9'...
[info] 
[info] i  deploying hosting 
[debug] [2026-07-16T13:45:33.771Z] Checked if tokens are valid: true, expires at: 1784213131846
[debug] [2026-07-16T13:45:33.771Z] Checked if tokens are valid: true, expires at: 1784213131846
[debug] [2026-07-16T13:45:33.771Z] >>> [apiv2][query] POST https://firebasehosting.googleapis.com/v1beta1/projects/-/sites/paynomnet-d8db9/versions [none]
[debug] [2026-07-16T13:45:33.771Z] >>> [apiv2][body] POST https://firebasehosting.googleapis.com/v1beta1/projects/-/sites/paynomnet-d8db9/versions {"status":"CREATED","labels":{"deployment-tool":"cli-firebase"}}
[debug] [2026-07-16T13:45:36.283Z] <<< [apiv2][status] POST https://firebasehosting.googleapis.com/v1beta1/projects/-/sites/paynomnet-d8db9/versions 200
[debug] [2026-07-16T13:45:36.284Z] <<< [apiv2][body] POST https://firebasehosting.googleapis.com/v1beta1/projects/-/sites/paynomnet-d8db9/versions {"name":"projects/440386531158/sites/paynomnet-d8db9/versions/2e0dd6adc0d43d4f","status":"CREATED","config":{},"labels":{"deployment-tool":"cli-firebase"}}
[info] i  hosting[paynomnet-d8db9]: beginning deploy... 
[info] i  hosting[paynomnet-d8db9]: found 15 files in public 
[debug] [2026-07-16T13:45:36.298Z] [hosting] uploading with 200 concurrency
[debug] [2026-07-16T13:45:36.308Z] Checked if tokens are valid: true, expires at: 1784213131846
[debug] [2026-07-16T13:45:36.308Z] Checked if tokens are valid: true, expires at: 1784213131846
[debug] [2026-07-16T13:45:36.310Z] [hosting] hash cache [cHVibGlj] stored for 15 files
[debug] [2026-07-16T13:45:36.310Z] [hosting][hash queue][FINAL] {"max":6,"min":1,"avg":1.6666666666666667,"active":0,"complete":15,"success":15,"errored":0,"retried":0,"total":15,"elapsed":10}
[debug] [2026-07-16T13:45:36.310Z] >>> [apiv2][query] POST https://firebasehosting.googleapis.com/v1beta1/projects/440386531158/sites/paynomnet-d8db9/versions/2e0dd6adc0d43d4f:populateFiles [none]
[debug] [2026-07-16T13:45:36.310Z] >>> [apiv2][body] POST https://firebasehosting.googleapis.com/v1beta1/projects/440386531158/sites/paynomnet-d8db9/versions/2e0dd6adc0d43d4f:populateFiles {"files":{"/terms.html":"b9ec455b501c83d69106cd9c22e503452206f3ee2ce4136ae23dcb416435e135","/sw.js":"ea331de09d540f7adbb4d18a06547674f834591af92d06b9ddaaa51e008db3d5","/style.css":"942ac7d2c550b5cfdcd0b60dadbb248fece80806db3ecc7cd48a06995b52cfad","/privacy.html":"8e0f08af5c99d4cc1daf884c03b8dfac13fc6f937752bee7287c4b18a337be9b","/manifest.json":"fb2182cc1113949cf4b43f77db26e037840ce98d2cbf76cc08c62594bdb27af1","/firebase-config.js":"25924b1d96194b97b90a76489df28b4db15dbbfa2f98e3349a2f4a102411b587","/ads.txt":"0eaa76fe9bba2064bc6f6b637edb964f8f42f5cc2d82ba57b92e7b2120d536f7","/assets/under-construction.png":"f67e36a1f949cc7ee4821de2192a0915389c30d685580f49b44b9dee9be8a154","/assets/Leer":"d6eaa7495c195a4c86d591b1b640badef3c9cad8b4e7f85ea86b614af793c7f0","/assets/icon-512.png":"bf925fcff421c86f7b1a5b6fc6df2d13b8ac6a66be8225d48ac0e6e1cf35d353","/assets/icon-192.png":"0b972864b783d72485cbaf9129110b6d80a60d56fc5e56e3f8e3dd53f81befb0","/ads/ads-engine.js":"0f7c6ec8e1c60988acc75d0427c8f4ba41530b6d34047716384bb0816ec4078d","/.well-known/assetlinks.json":"5ce05aa1544debb3033bc12c23dced56479b4e4fc68d0bdccb55e25cc5eb77a2","/index.html":"7307a4ea6ac0afb6681a26b6a6d74ac9798f8d4e6c99ce06eb37c1ff1139b78e","/app.js":"27768ca48074b0d840731891fd5b99727a83fa6398edd1e6b37c3f98596c16b5"}}
[debug] [2026-07-16T13:45:37.150Z] <<< [apiv2][status] POST https://firebasehosting.googleapis.com/v1beta1/projects/440386531158/sites/paynomnet-d8db9/versions/2e0dd6adc0d43d4f:populateFiles 200
[debug] [2026-07-16T13:45:37.151Z] <<< [apiv2][body] POST https://firebasehosting.googleapis.com/v1beta1/projects/440386531158/sites/paynomnet-d8db9/versions/2e0dd6adc0d43d4f:populateFiles {"uploadRequiredHashes":["7307a4ea6ac0afb6681a26b6a6d74ac9798f8d4e6c99ce06eb37c1ff1139b78e","27768ca48074b0d840731891fd5b99727a83fa6398edd1e6b37c3f98596c16b5"],"uploadUrl":"https://upload-firebasehosting.googleapis.com/upload/sites/paynomnet-d8db9/versions/2e0dd6adc0d43d4f/files"}
[debug] [2026-07-16T13:45:37.151Z] Checked if tokens are valid: true, expires at: 1784213131846
[debug] [2026-07-16T13:45:37.151Z] Checked if tokens are valid: true, expires at: 1784213131846
[debug] [2026-07-16T13:45:37.151Z] Checked if tokens are valid: true, expires at: 1784213131846
[debug] [2026-07-16T13:45:37.151Z] Checked if tokens are valid: true, expires at: 1784213131846
[debug] [2026-07-16T13:45:37.152Z] >>> [apiv2][query] POST https://upload-firebasehosting.googleapis.com/upload/sites/paynomnet-d8db9/versions/2e0dd6adc0d43d4f/files/7307a4ea6ac0afb6681a26b6a6d74ac9798f8d4e6c99ce06eb37c1ff1139b78e [none]
[debug] [2026-07-16T13:45:37.152Z] >>> [apiv2][body] POST https://upload-firebasehosting.googleapis.com/upload/sites/paynomnet-d8db9/versions/2e0dd6adc0d43d4f/files/7307a4ea6ac0afb6681a26b6a6d74ac9798f8d4e6c99ce06eb37c1ff1139b78e [stream]
[debug] [2026-07-16T13:45:37.153Z] >>> [apiv2][query] POST https://upload-firebasehosting.googleapis.com/upload/sites/paynomnet-d8db9/versions/2e0dd6adc0d43d4f/files/27768ca48074b0d840731891fd5b99727a83fa6398edd1e6b37c3f98596c16b5 [none]
[debug] [2026-07-16T13:45:37.153Z] >>> [apiv2][body] POST https://upload-firebasehosting.googleapis.com/upload/sites/paynomnet-d8db9/versions/2e0dd6adc0d43d4f/files/27768ca48074b0d840731891fd5b99727a83fa6398edd1e6b37c3f98596c16b5 [stream]
[debug] [2026-07-16T13:45:37.154Z] [hosting][populate queue][FINAL] {"max":843,"min":843,"avg":843,"active":0,"complete":1,"success":1,"errored":0,"retried":0,"total":1,"elapsed":846}
[debug] [2026-07-16T13:45:37.154Z] [hosting] uploads queued: 2
[debug] [2026-07-16T13:45:38.216Z] <<< [apiv2][status] POST https://upload-firebasehosting.googleapis.com/upload/sites/paynomnet-d8db9/versions/2e0dd6adc0d43d4f/files/7307a4ea6ac0afb6681a26b6a6d74ac9798f8d4e6c99ce06eb37c1ff1139b78e 200
[debug] [2026-07-16T13:45:38.216Z] <<< [apiv2][body] POST https://upload-firebasehosting.googleapis.com/upload/sites/paynomnet-d8db9/versions/2e0dd6adc0d43d4f/files/7307a4ea6ac0afb6681a26b6a6d74ac9798f8d4e6c99ce06eb37c1ff1139b78e [stream]
[info] i  hosting: uploading new files [1/2] (50%) 
[debug] [2026-07-16T13:45:38.589Z] <<< [apiv2][status] POST https://upload-firebasehosting.googleapis.com/upload/sites/paynomnet-d8db9/versions/2e0dd6adc0d43d4f/files/27768ca48074b0d840731891fd5b99727a83fa6398edd1e6b37c3f98596c16b5 200
[debug] [2026-07-16T13:45:38.589Z] <<< [apiv2][body] POST https://upload-firebasehosting.googleapis.com/upload/sites/paynomnet-d8db9/versions/2e0dd6adc0d43d4f/files/27768ca48074b0d840731891fd5b99727a83fa6398edd1e6b37c3f98596c16b5 [stream]
[debug] [2026-07-16T13:45:38.589Z] [hosting][upload queue][FINAL] {"max":1438,"min":1065,"avg":1251.5,"active":0,"complete":2,"success":2,"errored":0,"retried":0,"total":2,"elapsed":1438}
[info] i  hosting: upload complete 
[info] +  hosting[paynomnet-d8db9]: file upload complete 
[debug] [2026-07-16T13:45:38.590Z] [hosting] deploy completed after 2304ms
[debug] [2026-07-16T13:45:38.590Z] [
  {
    "config": {
      "public": "public",
      "ignore": [
        "firebase.json",
        "**/.*",
        "**/node_modules/**"
      ],
      "cleanUrls": true,
      "trailingSlash": false,
      "site": "paynomnet-d8db9"
    },
    "version": "projects/440386531158/sites/paynomnet-d8db9/versions/2e0dd6adc0d43d4f"
  }
]
[info] i  hosting[paynomnet-d8db9]: finalizing version... 
[debug] [2026-07-16T13:45:38.591Z] Checked if tokens are valid: true, expires at: 1784213131846
[debug] [2026-07-16T13:45:38.591Z] Checked if tokens are valid: true, expires at: 1784213131846
[debug] [2026-07-16T13:45:38.592Z] >>> [apiv2][query] PATCH https://firebasehosting.googleapis.com/v1beta1/projects/-/sites/paynomnet-d8db9/versions/2e0dd6adc0d43d4f updateMask=status%2Cconfig
[debug] [2026-07-16T13:45:38.592Z] >>> [apiv2][body] PATCH https://firebasehosting.googleapis.com/v1beta1/projects/-/sites/paynomnet-d8db9/versions/2e0dd6adc0d43d4f {"status":"FINALIZED","config":{"cleanUrls":true,"trailingSlashBehavior":"REMOVE"}}
